<?xml version="1.0" encoding="UTF-8"?>
<testsuite name="io.github.sonicboom15.daimon.ClientTest" tests="6" skipped="0" failures="0" errors="0" timestamp="2026-05-17T13:33:40" hostname="DESKTOP-VD1RNAG" time="0.242">
  <properties/>
  <testcase name="testShorthandChat_delegatesToLlm()" classname="io.github.sonicboom15.daimon.ClientTest" time="0.209"/>
  <testcase name="testMemory_returnsNonNull()" classname="io.github.sonicboom15.daimon.ClientTest" time="0.005"/>
  <testcase name="testLlm_defaultComponent_usesDefaultInPath()" classname="io.github.sonicboom15.daimon.ClientTest" time="0.009"/>
  <testcase name="testDefaultConstructor_usesPort3500()" classname="io.github.sonicboom15.daimon.ClientTest" time="0.005"/>
  <testcase name="testLlm_namedComponent_usesNameInPath()" classname="io.github.sonicboom15.daimon.ClientTest" time="0.008"/>
  <testcase name="testGraph_returnsNonNull()" classname="io.github.sonicboom15.daimon.ClientTest" time="0.004"/>
  <system-out><![CDATA[]]></system-out>
  <system-err><![CDATA[]]></system-err>
</testsuite>
